<?xml version="1.0" encoding="UTF-8"?>
<!-- Generated by org.testng.reporters.JUnitReportReporter -->
<testsuite hostname="DESKTOP-PMDV8IB" name="Academy.testSpiceJet" tests="1" failures="0" timestamp="17 Aug 2020 11:12:31 GMT" time="15.686" errors="0">
  <testcase name="spiceJet" time="15.686" classname="Academy.testSpiceJet"/>
</testsuite> <!-- Academy.testSpiceJet -->
